<?xml version="1.0" encoding="UTF-8"?>
<!-- Generated by org.testng.reporters.JUnitReportReporter -->
<testsuite hostname="DESKTOP-1V7FUM5" failures="0" tests="2" name="Test.Logintest" time="15.537" errors="0" timestamp="2021-06-09T16:33:17 EDT" skipped="0">
  <testcase classname="Test.Logintest" name="Title" time="5.847"/>
  <system-out/>
  <testcase classname="Test.Logintest" name="TC1" time="9.690"/>
  <system-out/>
</testsuite> <!-- Test.Logintest -->
